c:\teamproject\flowers\flowers\x64\debug\vc142.pdb
c:\teamproject\flowers\flowers\x64\debug\vc142.idb
c:\teamproject\flowers\flowers\x64\debug\userinterface.obj
c:\teamproject\flowers\flowers\x64\debug\waybilladdscreen.obj
c:\teamproject\flowers\flowers\x64\debug\waybilllist .obj
c:\teamproject\flowers\flowers\x64\debug\waybillelement.obj
c:\teamproject\flowers\flowers\x64\debug\productlist.obj
c:\teamproject\flowers\flowers\x64\debug\productaddscreen.obj
c:\teamproject\flowers\flowers\x64\debug\product.obj
c:\teamproject\flowers\flowers\x64\debug\flowers.obj
c:\teamproject\flowers\flowers\x64\debug\clientlist.obj
c:\teamproject\flowers\flowers\x64\debug\clientinputscreen.obj
c:\teamproject\flowers\flowers\x64\debug\client.obj
c:\teamproject\flowers\flowers\x64\debug\expensestable.obj
c:\teamproject\flowers\x64\debug\flowers.exe
c:\teamproject\flowers\flowers\x64\debug\flowers.ilk
c:\teamproject\flowers\x64\debug\flowers.pdb
c:\teamproject\flowers\flowers\x64\debug\flowers.tlog\cl.command.1.tlog
c:\teamproject\flowers\flowers\x64\debug\flowers.tlog\cl.read.1.tlog
c:\teamproject\flowers\flowers\x64\debug\flowers.tlog\cl.write.1.tlog
c:\teamproject\flowers\flowers\x64\debug\flowers.tlog\link.command.1.tlog
c:\teamproject\flowers\flowers\x64\debug\flowers.tlog\link.read.1.tlog
c:\teamproject\flowers\flowers\x64\debug\flowers.tlog\link.write.1.tlog
